2025-06-14 20:52:42,495 - INFO - Starting Open Interest Option Buying Strategy...
2025-06-14 20:52:42,495 - INFO - Checking authentication status...
2025-06-14 20:52:42,515 - INFO - Authentication successful. Creating strategy instance...
2025-06-14 20:52:42,980 - INFO - Successfully authenticated with Fyers API for user: MAYANK CHOUDHARI
2025-06-14 20:52:43,340 - INFO - Successfully authenticated with Fyers API for user: MAYANK CHOUDHARI
2025-06-14 20:52:43,340 - INFO - Authentication verified for today's trading session
2025-06-14 20:52:43,341 - INFO - Strategy initialized for a new trading day
2025-06-14 20:52:43,341 - INFO - Strategy initialized successfully.
2025-06-14 20:52:43,341 - CRITICAL - Unhandled exception: 'function' object has no attribute 'friday'
2025-06-14 20:57:02,964 - INFO - Starting Open Interest Option Buying Strategy...
2025-06-14 20:57:02,964 - INFO - Checking authentication status...
2025-06-14 20:57:02,968 - INFO - Authentication successful. Creating strategy instance...
2025-06-14 20:57:03,413 - INFO - Successfully authenticated with Fyers API for user: MAYANK CHOUDHARI
2025-06-14 20:57:03,772 - INFO - Successfully authenticated with Fyers API for user: MAYANK CHOUDHARI
2025-06-14 20:57:03,772 - INFO - Authentication verified for today's trading session
2025-06-14 20:57:03,772 - INFO - Strategy initialized for a new trading day
2025-06-14 20:57:03,773 - INFO - Strategy initialized successfully.
2025-06-14 20:57:03,773 - CRITICAL - Unhandled exception: 'function' object has no attribute 'friday'
2025-06-14 20:57:20,862 - INFO - Starting Open Interest Option Buying Strategy...
2025-06-14 20:57:20,862 - INFO - Checking authentication status...
2025-06-14 20:57:20,867 - INFO - Authentication successful. Creating strategy instance...
2025-06-14 20:57:21,240 - INFO - Successfully authenticated with Fyers API for user: MAYANK CHOUDHARI
2025-06-14 20:57:21,601 - INFO - Successfully authenticated with Fyers API for user: MAYANK CHOUDHARI
2025-06-14 20:57:21,601 - INFO - Authentication verified for today's trading session
2025-06-14 20:57:21,601 - INFO - Strategy initialized for a new trading day
2025-06-14 20:57:21,601 - INFO - Strategy initialized successfully.
2025-06-14 20:57:21,601 - CRITICAL - Unhandled exception: 'function' object has no attribute 'friday'
2025-06-14 20:58:54,670 - INFO - Starting Open Interest Option Buying Strategy...
2025-06-14 20:58:54,670 - INFO - Checking authentication status...
2025-06-14 20:58:54,674 - INFO - Authentication successful. Creating strategy instance...
2025-06-14 20:58:55,039 - INFO - Successfully authenticated with Fyers API for user: MAYANK CHOUDHARI
2025-06-14 20:58:55,409 - INFO - Successfully authenticated with Fyers API for user: MAYANK CHOUDHARI
2025-06-14 20:58:55,409 - INFO - Authentication verified for today's trading session
2025-06-14 20:58:55,410 - INFO - Strategy initialized for a new trading day
2025-06-14 20:58:55,410 - INFO - Strategy initialized successfully.
2025-06-14 20:58:55,410 - CRITICAL - Unhandled exception: 'function' object has no attribute 'friday'
2025-06-14 21:00:54,355 - INFO - Starting Open Interest Option Buying Strategy...
2025-06-14 21:00:54,355 - INFO - Checking authentication status...
2025-06-14 21:00:54,359 - INFO - Authentication successful. Creating strategy instance...
2025-06-14 21:00:54,817 - INFO - Successfully authenticated with Fyers API for user: MAYANK CHOUDHARI
2025-06-14 21:00:55,176 - INFO - Successfully authenticated with Fyers API for user: MAYANK CHOUDHARI
2025-06-14 21:00:55,177 - INFO - Authentication verified for today's trading session
2025-06-14 21:00:55,177 - INFO - Strategy initialized for a new trading day
2025-06-14 21:00:55,177 - INFO - Strategy initialized successfully.
2025-06-14 21:00:55,177 - CRITICAL - Unhandled exception: 'Job' object has no attribute 'between'
2025-06-14 21:03:53,793 - INFO - Starting Open Interest Option Buying Strategy...
2025-06-14 21:03:53,794 - INFO - Checking authentication status...
2025-06-14 21:03:53,798 - INFO - Authentication successful. Creating strategy instance...
2025-06-14 21:03:54,171 - INFO - Successfully authenticated with Fyers API for user: MAYANK CHOUDHARI
2025-06-14 21:03:54,541 - INFO - Successfully authenticated with Fyers API for user: MAYANK CHOUDHARI
2025-06-14 21:03:54,541 - INFO - Authentication verified for today's trading session
2025-06-14 21:03:54,541 - INFO - Strategy initialized for a new trading day
2025-06-14 21:03:54,542 - INFO - Strategy initialized successfully.
2025-06-14 21:03:54,542 - INFO - Strategy scheduled. Running main loop...
2025-06-15 00:00:04,893 - INFO - Waiting for market to open...
2025-06-15 00:01:04,927 - INFO - Waiting for market to open...
2025-06-15 00:02:04,968 - INFO - Waiting for market to open...
2025-06-15 00:03:05,006 - INFO - Waiting for market to open...
2025-06-15 00:04:05,038 - INFO - Waiting for market to open...
2025-06-15 00:05:05,077 - INFO - Waiting for market to open...
2025-06-15 00:06:05,115 - INFO - Waiting for market to open...
2025-06-15 00:07:05,157 - INFO - Waiting for market to open...
2025-06-15 00:08:05,197 - INFO - Waiting for market to open...
2025-06-15 00:09:05,232 - INFO - Waiting for market to open...
2025-06-15 00:10:05,265 - INFO - Waiting for market to open...
2025-06-15 00:11:05,307 - INFO - Waiting for market to open...
2025-06-15 00:12:05,349 - INFO - Waiting for market to open...
2025-06-15 00:13:05,392 - INFO - Waiting for market to open...
2025-06-15 00:14:05,434 - INFO - Waiting for market to open...
2025-06-15 00:15:05,516 - INFO - Waiting for market to open...
2025-06-15 00:16:05,555 - INFO - Waiting for market to open...
2025-06-15 00:17:05,592 - INFO - Waiting for market to open...
2025-06-15 00:18:05,625 - INFO - Waiting for market to open...
2025-06-15 00:19:05,664 - INFO - Waiting for market to open...
2025-06-15 00:20:05,696 - INFO - Waiting for market to open...
2025-06-15 00:21:05,732 - INFO - Waiting for market to open...
2025-06-15 00:22:05,770 - INFO - Waiting for market to open...
2025-06-15 00:23:05,808 - INFO - Waiting for market to open...
2025-06-15 00:24:05,855 - INFO - Waiting for market to open...
2025-06-15 00:25:05,896 - INFO - Waiting for market to open...
2025-06-15 00:26:05,965 - INFO - Waiting for market to open...
2025-06-15 00:27:05,996 - INFO - Waiting for market to open...
2025-06-15 00:28:06,040 - INFO - Waiting for market to open...
2025-06-15 00:29:06,077 - INFO - Waiting for market to open...
2025-06-15 00:30:06,118 - INFO - Waiting for market to open...
2025-06-15 00:31:06,149 - INFO - Waiting for market to open...
2025-06-15 00:32:06,183 - INFO - Waiting for market to open...
2025-06-15 00:33:06,230 - INFO - Waiting for market to open...
2025-06-15 00:34:06,269 - INFO - Waiting for market to open...
2025-06-15 00:35:06,303 - INFO - Waiting for market to open...
2025-06-15 00:36:06,339 - INFO - Waiting for market to open...
2025-06-15 00:37:06,377 - INFO - Waiting for market to open...
2025-06-15 00:38:06,469 - INFO - Waiting for market to open...
2025-06-15 00:39:06,503 - INFO - Waiting for market to open...
2025-06-15 00:40:06,538 - INFO - Waiting for market to open...
2025-06-15 00:41:06,567 - INFO - Waiting for market to open...
2025-06-15 00:42:06,602 - INFO - Waiting for market to open...
2025-06-15 00:43:06,727 - INFO - Waiting for market to open...
2025-06-15 00:44:06,766 - INFO - Waiting for market to open...
2025-06-15 00:45:06,972 - INFO - Waiting for market to open...
2025-06-15 00:46:07,008 - INFO - Waiting for market to open...
2025-06-15 00:47:07,050 - INFO - Waiting for market to open...
2025-06-15 00:48:07,090 - INFO - Waiting for market to open...
2025-06-15 00:49:07,131 - INFO - Waiting for market to open...
2025-06-15 00:50:07,176 - INFO - Waiting for market to open...
2025-06-15 00:51:07,210 - INFO - Waiting for market to open...
2025-06-15 00:52:07,239 - INFO - Waiting for market to open...
2025-06-15 00:53:07,272 - INFO - Waiting for market to open...
2025-06-15 00:54:07,307 - INFO - Waiting for market to open...
2025-06-15 00:55:07,410 - INFO - Waiting for market to open...
2025-06-15 00:56:07,439 - INFO - Waiting for market to open...
2025-06-15 00:57:07,477 - INFO - Waiting for market to open...
2025-06-15 00:58:07,513 - INFO - Waiting for market to open...
2025-06-15 00:59:07,606 - INFO - Waiting for market to open...
2025-06-15 01:00:07,644 - INFO - Waiting for market to open...
2025-06-15 01:01:07,683 - INFO - Waiting for market to open...
2025-06-15 01:02:07,836 - INFO - Waiting for market to open...
2025-06-15 01:03:07,876 - INFO - Waiting for market to open...
2025-06-15 01:04:07,918 - INFO - Waiting for market to open...
2025-06-15 01:05:07,955 - INFO - Waiting for market to open...
2025-06-15 01:06:07,992 - INFO - Waiting for market to open...
2025-06-15 01:07:08,031 - INFO - Waiting for market to open...
2025-06-15 01:08:08,063 - INFO - Waiting for market to open...
2025-06-15 01:09:08,102 - INFO - Waiting for market to open...
2025-06-15 01:10:08,135 - INFO - Waiting for market to open...
2025-06-15 01:11:08,172 - INFO - Waiting for market to open...
2025-06-15 01:12:08,209 - INFO - Waiting for market to open...
2025-06-15 01:13:08,242 - INFO - Waiting for market to open...
2025-06-15 01:14:08,278 - INFO - Waiting for market to open...
2025-06-15 01:15:08,317 - INFO - Waiting for market to open...
2025-06-15 01:16:08,358 - INFO - Waiting for market to open...
2025-06-15 01:17:08,394 - INFO - Waiting for market to open...
2025-06-15 01:18:08,431 - INFO - Waiting for market to open...
2025-06-15 01:19:08,467 - INFO - Waiting for market to open...
2025-06-15 01:20:08,510 - INFO - Waiting for market to open...
2025-06-15 01:21:08,548 - INFO - Waiting for market to open...
2025-06-15 01:22:08,586 - INFO - Waiting for market to open...
2025-06-15 01:23:08,624 - INFO - Waiting for market to open...
2025-06-15 01:24:08,661 - INFO - Waiting for market to open...
2025-06-15 01:25:08,696 - INFO - Waiting for market to open...
2025-06-15 01:26:08,735 - INFO - Waiting for market to open...
2025-06-15 01:27:08,776 - INFO - Waiting for market to open...
2025-06-15 01:28:08,813 - INFO - Waiting for market to open...
2025-06-15 01:29:08,847 - INFO - Waiting for market to open...
2025-06-15 01:30:08,881 - INFO - Waiting for market to open...
2025-06-15 01:31:08,920 - INFO - Waiting for market to open...
2025-06-15 01:32:08,979 - INFO - Waiting for market to open...
2025-06-15 01:33:09,085 - INFO - Waiting for market to open...
2025-06-15 01:34:09,152 - INFO - Waiting for market to open...
2025-06-15 01:35:09,185 - INFO - Waiting for market to open...
2025-06-15 01:36:09,226 - INFO - Waiting for market to open...
2025-06-15 01:37:09,283 - INFO - Waiting for market to open...
2025-06-15 01:38:09,319 - INFO - Waiting for market to open...
2025-06-15 01:39:09,427 - INFO - Waiting for market to open...
2025-06-15 01:40:09,465 - INFO - Waiting for market to open...
2025-06-15 01:41:09,508 - INFO - Waiting for market to open...
2025-06-15 01:42:09,543 - INFO - Waiting for market to open...
2025-06-15 01:43:09,575 - INFO - Waiting for market to open...
2025-06-15 01:44:09,613 - INFO - Waiting for market to open...
2025-06-15 01:45:09,649 - INFO - Waiting for market to open...
2025-06-15 01:46:09,685 - INFO - Waiting for market to open...
2025-06-15 01:47:09,727 - INFO - Waiting for market to open...
2025-06-15 01:48:09,764 - INFO - Waiting for market to open...
2025-06-15 01:49:09,801 - INFO - Waiting for market to open...
2025-06-15 01:50:09,840 - INFO - Waiting for market to open...
2025-06-15 01:51:09,876 - INFO - Waiting for market to open...
2025-06-15 01:52:09,915 - INFO - Waiting for market to open...
2025-06-15 01:53:09,954 - INFO - Waiting for market to open...
2025-06-15 01:54:09,989 - INFO - Waiting for market to open...
2025-06-15 01:55:10,026 - INFO - Waiting for market to open...
2025-06-15 01:56:10,065 - INFO - Waiting for market to open...
2025-06-15 01:57:10,106 - INFO - Waiting for market to open...
2025-06-15 01:58:10,144 - INFO - Waiting for market to open...
2025-06-15 01:59:10,266 - INFO - Waiting for market to open...
2025-06-15 02:00:10,295 - INFO - Waiting for market to open...
2025-06-15 02:01:10,329 - INFO - Waiting for market to open...
2025-06-15 02:02:10,365 - INFO - Waiting for market to open...
2025-06-15 02:03:10,405 - INFO - Waiting for market to open...
2025-06-15 02:04:10,442 - INFO - Waiting for market to open...
2025-06-15 02:05:10,481 - INFO - Waiting for market to open...
2025-06-15 02:06:10,522 - INFO - Waiting for market to open...
2025-06-15 02:07:10,559 - INFO - Waiting for market to open...
2025-06-15 02:08:10,598 - INFO - Waiting for market to open...
2025-06-15 02:09:10,639 - INFO - Waiting for market to open...
2025-06-15 02:10:10,674 - INFO - Waiting for market to open...
2025-06-15 02:11:10,709 - INFO - Waiting for market to open...
2025-06-15 02:12:10,750 - INFO - Waiting for market to open...
2025-06-15 02:13:10,790 - INFO - Waiting for market to open...
2025-06-15 02:14:10,830 - INFO - Waiting for market to open...
2025-06-15 02:15:10,866 - INFO - Waiting for market to open...
2025-06-15 02:16:10,904 - INFO - Waiting for market to open...
2025-06-15 02:17:10,945 - INFO - Waiting for market to open...
2025-06-15 02:18:10,979 - INFO - Waiting for market to open...
2025-06-15 02:19:11,020 - INFO - Waiting for market to open...
2025-06-15 02:20:11,055 - INFO - Waiting for market to open...
2025-06-15 02:21:11,092 - INFO - Waiting for market to open...
2025-06-15 02:22:11,131 - INFO - Waiting for market to open...
2025-06-15 02:23:11,165 - INFO - Waiting for market to open...
2025-06-15 02:24:11,204 - INFO - Waiting for market to open...
2025-06-15 02:25:11,240 - INFO - Waiting for market to open...
2025-06-15 02:26:11,282 - INFO - Waiting for market to open...
2025-06-15 02:27:11,324 - INFO - Waiting for market to open...
2025-06-15 02:28:11,366 - INFO - Waiting for market to open...
2025-06-15 02:29:11,418 - INFO - Waiting for market to open...
2025-06-15 02:30:11,462 - INFO - Waiting for market to open...
2025-06-15 02:31:11,501 - INFO - Waiting for market to open...
2025-06-15 02:32:11,540 - INFO - Waiting for market to open...
2025-06-15 02:33:11,578 - INFO - Waiting for market to open...
2025-06-15 02:34:11,610 - INFO - Waiting for market to open...
2025-06-15 02:35:11,639 - INFO - Waiting for market to open...
2025-06-15 02:36:11,676 - INFO - Waiting for market to open...
2025-06-15 02:37:11,715 - INFO - Waiting for market to open...
2025-06-15 02:38:11,755 - INFO - Waiting for market to open...
2025-06-15 02:39:11,797 - INFO - Waiting for market to open...
2025-06-15 02:40:11,830 - INFO - Waiting for market to open...
2025-06-15 02:41:11,869 - INFO - Waiting for market to open...
2025-06-15 02:42:11,909 - INFO - Waiting for market to open...
2025-06-15 02:43:11,947 - INFO - Waiting for market to open...
2025-06-15 02:44:11,982 - INFO - Waiting for market to open...
2025-06-15 02:45:12,021 - INFO - Waiting for market to open...
2025-06-15 02:46:12,059 - INFO - Waiting for market to open...
2025-06-15 02:47:12,102 - INFO - Waiting for market to open...
2025-06-15 02:48:12,141 - INFO - Waiting for market to open...
2025-06-15 02:49:12,177 - INFO - Waiting for market to open...
2025-06-15 02:50:12,214 - INFO - Waiting for market to open...
2025-06-15 02:51:12,250 - INFO - Waiting for market to open...
2025-06-15 02:52:12,290 - INFO - Waiting for market to open...
2025-06-15 02:53:12,323 - INFO - Waiting for market to open...
2025-06-15 02:54:12,366 - INFO - Waiting for market to open...
2025-06-15 02:55:12,403 - INFO - Waiting for market to open...
2025-06-15 02:56:12,441 - INFO - Waiting for market to open...
2025-06-15 02:57:12,477 - INFO - Waiting for market to open...
2025-06-15 02:58:12,517 - INFO - Waiting for market to open...
2025-06-15 02:59:12,554 - INFO - Waiting for market to open...
2025-06-15 03:00:12,634 - INFO - Waiting for market to open...
2025-06-15 03:01:12,675 - INFO - Waiting for market to open...
2025-06-15 03:02:12,716 - INFO - Waiting for market to open...
2025-06-15 03:03:12,757 - INFO - Waiting for market to open...
2025-06-15 03:04:12,796 - INFO - Waiting for market to open...
2025-06-15 03:05:12,837 - INFO - Waiting for market to open...
2025-06-15 03:06:12,876 - INFO - Waiting for market to open...
2025-06-15 03:07:12,949 - INFO - Waiting for market to open...
2025-06-15 03:08:12,980 - INFO - Waiting for market to open...
2025-06-15 03:09:13,017 - INFO - Waiting for market to open...
2025-06-15 03:10:13,064 - INFO - Waiting for market to open...
2025-06-15 03:11:13,099 - INFO - Waiting for market to open...
2025-06-15 03:12:13,134 - INFO - Waiting for market to open...
2025-06-15 03:13:13,170 - INFO - Waiting for market to open...
2025-06-15 03:14:13,212 - INFO - Waiting for market to open...
2025-06-15 03:15:13,251 - INFO - Waiting for market to open...
2025-06-15 03:16:13,290 - INFO - Waiting for market to open...
2025-06-15 03:17:13,360 - INFO - Waiting for market to open...
2025-06-15 03:18:13,399 - INFO - Waiting for market to open...
2025-06-15 03:19:13,439 - INFO - Waiting for market to open...
2025-06-15 03:20:13,470 - INFO - Waiting for market to open...
2025-06-15 03:21:13,511 - INFO - Waiting for market to open...
2025-06-15 03:22:13,552 - INFO - Waiting for market to open...
2025-06-15 03:23:13,594 - INFO - Waiting for market to open...
2025-06-15 03:24:13,631 - INFO - Waiting for market to open...
2025-06-15 03:25:13,658 - INFO - Waiting for market to open...
2025-06-15 03:26:13,692 - INFO - Waiting for market to open...
2025-06-15 03:27:13,728 - INFO - Waiting for market to open...
2025-06-15 03:28:13,768 - INFO - Waiting for market to open...
2025-06-15 03:29:13,843 - INFO - Waiting for market to open...
2025-06-15 03:30:13,879 - INFO - Waiting for market to open...
2025-06-15 03:31:13,917 - INFO - Waiting for market to open...
2025-06-15 03:32:13,955 - INFO - Waiting for market to open...
2025-06-15 03:33:14,042 - INFO - Waiting for market to open...
2025-06-15 03:34:14,082 - INFO - Waiting for market to open...
2025-06-15 03:35:14,120 - INFO - Waiting for market to open...
2025-06-15 03:36:14,163 - INFO - Waiting for market to open...
2025-06-15 03:37:14,200 - INFO - Waiting for market to open...
2025-06-15 03:38:14,239 - INFO - Waiting for market to open...
2025-06-15 03:39:14,277 - INFO - Waiting for market to open...
2025-06-15 03:40:14,323 - INFO - Waiting for market to open...
2025-06-15 03:41:14,361 - INFO - Waiting for market to open...
2025-06-15 03:42:14,398 - INFO - Waiting for market to open...
2025-06-15 03:43:14,436 - INFO - Waiting for market to open...
2025-06-15 03:44:14,473 - INFO - Waiting for market to open...
2025-06-15 03:45:14,512 - INFO - Waiting for market to open...
2025-06-15 03:46:14,547 - INFO - Waiting for market to open...
2025-06-15 03:47:14,581 - INFO - Waiting for market to open...
2025-06-15 03:48:14,614 - INFO - Waiting for market to open...
2025-06-15 03:49:14,652 - INFO - Waiting for market to open...
2025-06-15 03:50:14,703 - INFO - Waiting for market to open...
2025-06-15 03:51:14,747 - INFO - Waiting for market to open...
2025-06-15 03:52:14,784 - INFO - Waiting for market to open...
2025-06-15 03:53:14,818 - INFO - Waiting for market to open...
2025-06-15 03:54:14,858 - INFO - Waiting for market to open...
2025-06-15 03:55:14,900 - INFO - Waiting for market to open...
2025-06-15 03:56:14,939 - INFO - Waiting for market to open...
2025-06-15 03:57:15,013 - INFO - Waiting for market to open...
2025-06-15 03:58:15,056 - INFO - Waiting for market to open...
2025-06-15 03:59:15,092 - INFO - Waiting for market to open...
2025-06-15 04:00:15,127 - INFO - Waiting for market to open...
2025-06-15 04:01:15,165 - INFO - Waiting for market to open...
2025-06-15 04:02:15,208 - INFO - Waiting for market to open...
2025-06-15 04:03:15,243 - INFO - Waiting for market to open...
2025-06-15 04:04:15,282 - INFO - Waiting for market to open...
2025-06-15 04:05:15,325 - INFO - Waiting for market to open...
2025-06-15 04:06:15,363 - INFO - Waiting for market to open...
2025-06-15 04:07:15,402 - INFO - Waiting for market to open...
2025-06-15 04:08:15,433 - INFO - Waiting for market to open...
2025-06-15 04:09:15,473 - INFO - Waiting for market to open...
2025-06-15 04:10:16,280 - INFO - Waiting for market to open...
2025-06-15 04:11:16,323 - INFO - Waiting for market to open...
2025-06-15 04:12:16,363 - INFO - Waiting for market to open...
2025-06-15 04:13:16,406 - INFO - Waiting for market to open...
2025-06-15 04:14:16,451 - INFO - Waiting for market to open...
2025-06-15 04:15:16,487 - INFO - Waiting for market to open...
2025-06-15 04:16:16,608 - INFO - Waiting for market to open...
2025-06-15 04:17:17,040 - INFO - Waiting for market to open...
2025-06-15 04:18:17,173 - INFO - Waiting for market to open...
2025-06-15 04:19:17,219 - INFO - Waiting for market to open...
2025-06-15 04:20:17,264 - INFO - Waiting for market to open...
2025-06-15 04:21:17,301 - INFO - Waiting for market to open...
2025-06-15 04:22:17,379 - INFO - Waiting for market to open...
2025-06-15 04:23:17,431 - INFO - Waiting for market to open...
2025-06-15 04:24:17,469 - INFO - Waiting for market to open...
2025-06-15 04:25:17,506 - INFO - Waiting for market to open...
2025-06-15 04:26:17,542 - INFO - Waiting for market to open...
2025-06-15 04:27:17,574 - INFO - Waiting for market to open...
2025-06-15 04:28:17,616 - INFO - Waiting for market to open...
2025-06-15 04:29:17,653 - INFO - Waiting for market to open...
2025-06-15 04:30:17,697 - INFO - Waiting for market to open...
2025-06-15 04:31:17,756 - INFO - Waiting for market to open...
2025-06-15 04:32:17,802 - INFO - Waiting for market to open...
2025-06-15 04:33:17,956 - INFO - Waiting for market to open...
2025-06-15 04:34:18,088 - INFO - Waiting for market to open...
2025-06-15 04:35:18,199 - INFO - Waiting for market to open...
2025-06-15 04:36:18,296 - INFO - Waiting for market to open...
2025-06-15 21:57:21,482 - INFO - Starting Open Interest Option Buying Strategy...
2025-06-15 21:57:21,482 - INFO - Checking authentication status...
2025-06-15 21:57:21,490 - INFO - Authentication successful. Creating strategy instance...
2025-06-15 21:57:22,110 - INFO - Successfully authenticated with Fyers API for user: MAYANK CHOUDHARI
2025-06-15 21:57:22,650 - INFO - Successfully authenticated with Fyers API for user: MAYANK CHOUDHARI
2025-06-15 21:57:22,650 - INFO - Authentication verified for today's trading session
2025-06-15 21:57:22,651 - INFO - Strategy initialized for a new trading day
2025-06-15 21:57:22,651 - INFO - Strategy initialized successfully.
2025-06-15 21:57:22,653 - INFO - Strategy scheduled. Running main loop...
2025-06-15 21:58:26,535 - INFO - Current IST time: 2025-06-15 14:28:26
2025-06-15 21:58:26,535 - INFO - Today is Sunday in IST. Market closed.
2025-06-15 21:59:26,575 - INFO - Current IST time: 2025-06-15 14:29:26
2025-06-15 21:59:26,575 - INFO - Today is Sunday in IST. Market closed.
2025-06-15 22:00:26,619 - INFO - Current IST time: 2025-06-15 14:30:26
2025-06-15 22:00:26,619 - INFO - Today is Sunday in IST. Market closed.
2025-06-15 22:01:26,661 - INFO - Current IST time: 2025-06-15 14:31:26
2025-06-15 22:01:26,661 - INFO - Today is Sunday in IST. Market closed.
2025-06-15 22:02:26,697 - INFO - Current IST time: 2025-06-15 14:32:26
2025-06-15 22:02:26,697 - INFO - Today is Sunday in IST. Market closed.
2025-06-15 22:03:26,739 - INFO - Current IST time: 2025-06-15 14:33:26
2025-06-15 22:03:26,739 - INFO - Today is Sunday in IST. Market closed.
2025-06-15 22:04:26,774 - INFO - Current IST time: 2025-06-15 14:34:26
2025-06-15 22:04:26,774 - INFO - Today is Sunday in IST. Market closed.
2025-06-15 22:05:26,813 - INFO - Current IST time: 2025-06-15 14:35:26
2025-06-15 22:05:26,813 - INFO - Today is Sunday in IST. Market closed.
2025-06-15 22:06:56,581 - INFO - Starting Open Interest Option Buying Strategy...
2025-06-15 22:06:56,581 - INFO - Checking authentication status...
2025-06-15 22:06:56,590 - INFO - Authentication successful. Creating strategy instance...
2025-06-15 22:06:57,230 - INFO - Successfully authenticated with Fyers API for user: MAYANK CHOUDHARI
2025-06-15 22:06:57,791 - INFO - Successfully authenticated with Fyers API for user: MAYANK CHOUDHARI
2025-06-15 22:06:57,791 - INFO - Authentication verified for today's trading session
2025-06-15 22:06:57,791 - INFO - Strategy initialized for a new trading day
2025-06-15 22:06:57,791 - INFO - Strategy initialized successfully.
2025-06-15 22:06:57,792 - INFO - Strategy scheduled. Running main loop...
2025-06-15 22:07:57,945 - INFO - Current IST time: 2025-06-15 14:37:57
2025-06-15 22:07:57,947 - INFO - Today is Sunday in IST. Market closed.
2025-06-15 22:08:57,990 - INFO - Current IST time: 2025-06-15 14:38:57
2025-06-15 22:08:57,992 - INFO - Today is Sunday in IST. Market closed.
2025-06-15 22:09:21,601 - INFO - Starting Open Interest Option Buying Strategy...
2025-06-15 22:09:21,601 - INFO - Checking authentication status...
2025-06-15 22:09:21,607 - INFO - Authentication successful. Creating strategy instance...
2025-06-15 22:09:21,987 - INFO - Successfully authenticated with Fyers API for user: MAYANK CHOUDHARI
2025-06-15 22:09:22,354 - INFO - Successfully authenticated with Fyers API for user: MAYANK CHOUDHARI
2025-06-15 22:09:22,354 - INFO - Authentication verified for today's trading session
2025-06-15 22:09:22,354 - INFO - Strategy initialized for a new trading day
2025-06-15 22:09:22,354 - INFO - Strategy initialized successfully.
2025-06-15 22:09:22,354 - INFO - Strategy scheduled. Running main loop...
2025-06-15 22:09:58,024 - INFO - Current IST time: 2025-06-15 14:39:58
2025-06-15 22:09:58,024 - INFO - Today is Sunday in IST. Market closed.
2025-06-15 22:10:22,456 - INFO - Current IST time: 2025-06-15 14:40:22
2025-06-15 22:10:22,468 - INFO - Today is Sunday in IST. Market closed.
2025-06-15 22:10:58,123 - INFO - Current IST time: 2025-06-15 14:40:58
2025-06-15 22:10:58,123 - INFO - Today is Sunday in IST. Market closed.
2025-06-15 22:11:22,632 - INFO - Current IST time: 2025-06-15 14:41:22
2025-06-15 22:11:22,632 - INFO - Today is Sunday in IST. Market closed.
2025-06-15 22:11:58,323 - INFO - Current IST time: 2025-06-15 14:41:58
2025-06-15 22:11:58,323 - INFO - Today is Sunday in IST. Market closed.
2025-06-15 22:12:22,824 - INFO - Current IST time: 2025-06-15 14:42:22
2025-06-15 22:12:22,824 - INFO - Today is Sunday in IST. Market closed.
2025-06-15 22:12:58,484 - INFO - Current IST time: 2025-06-15 14:42:58
2025-06-15 22:12:58,484 - INFO - Today is Sunday in IST. Market closed.
2025-06-15 22:13:22,980 - INFO - Current IST time: 2025-06-15 14:43:22
2025-06-15 22:13:22,980 - INFO - Today is Sunday in IST. Market closed.
2025-06-15 22:13:36,993 - INFO - Starting Open Interest Option Buying Strategy...
2025-06-15 22:13:36,993 - INFO - Checking authentication status...
2025-06-15 22:13:36,998 - INFO - Authentication successful. Creating strategy instance...
2025-06-15 22:13:37,494 - INFO - Successfully authenticated with Fyers API for user: MAYANK CHOUDHARI
2025-06-15 22:13:37,911 - INFO - Successfully authenticated with Fyers API for user: MAYANK CHOUDHARI
2025-06-15 22:13:37,912 - INFO - Authentication verified for today's trading session
2025-06-15 22:13:37,912 - INFO - Strategy initialized for a new trading day
2025-06-15 22:13:37,912 - INFO - Strategy initialized successfully.
2025-06-15 22:13:37,912 - INFO - Strategy scheduled. Running main loop...
2025-06-15 22:13:58,634 - INFO - Current IST time: 2025-06-15 14:43:58
2025-06-15 22:13:58,634 - INFO - Today is Sunday in IST. Market closed.
2025-06-15 22:14:38,057 - INFO - Current IST time: 2025-06-15 14:44:38
2025-06-15 22:14:38,057 - INFO - Today is Sunday in IST. Market closed.
2025-06-15 22:14:58,751 - INFO - Current IST time: 2025-06-15 14:44:58
2025-06-15 22:14:58,751 - INFO - Today is Sunday in IST. Market closed.
2025-06-15 22:15:38,176 - INFO - Current IST time: 2025-06-15 14:45:38
2025-06-15 22:15:38,176 - INFO - Today is Sunday in IST. Market closed.
2025-06-15 22:15:58,850 - INFO - Current IST time: 2025-06-15 14:45:58
2025-06-15 22:15:58,850 - INFO - Today is Sunday in IST. Market closed.
2025-06-15 22:16:38,266 - INFO - Current IST time: 2025-06-15 14:46:38
2025-06-15 22:16:38,266 - INFO - Today is Sunday in IST. Market closed.
2025-06-15 22:16:58,935 - INFO - Current IST time: 2025-06-15 14:46:58
2025-06-15 22:16:58,935 - INFO - Today is Sunday in IST. Market closed.
2025-06-15 22:17:38,344 - INFO - Current IST time: 2025-06-15 14:47:38
2025-06-15 22:17:38,344 - INFO - Today is Sunday in IST. Market closed.
2025-06-15 22:17:59,009 - INFO - Current IST time: 2025-06-15 14:47:59
2025-06-15 22:17:59,009 - INFO - Today is Sunday in IST. Market closed.
2025-06-15 22:18:38,414 - INFO - Current IST time: 2025-06-15 14:48:38
2025-06-15 22:18:38,414 - INFO - Today is Sunday in IST. Market closed.
2025-06-15 22:18:59,080 - INFO - Current IST time: 2025-06-15 14:48:59
2025-06-15 22:18:59,080 - INFO - Today is Sunday in IST. Market closed.
2025-06-15 22:19:38,470 - INFO - Current IST time: 2025-06-15 14:49:38
2025-06-15 22:19:38,470 - INFO - Today is Sunday in IST. Market closed.
2025-06-15 22:19:59,137 - INFO - Current IST time: 2025-06-15 14:49:59
2025-06-15 22:19:59,137 - INFO - Today is Sunday in IST. Market closed.
2025-06-15 22:20:38,520 - INFO - Current IST time: 2025-06-15 14:50:38
2025-06-15 22:20:38,520 - INFO - Today is Sunday in IST. Market closed.
2025-06-15 22:20:59,189 - INFO - Current IST time: 2025-06-15 14:50:59
2025-06-15 22:20:59,189 - INFO - Today is Sunday in IST. Market closed.
2025-06-15 22:21:38,580 - INFO - Current IST time: 2025-06-15 14:51:38
2025-06-15 22:21:38,580 - INFO - Today is Sunday in IST. Market closed.
2025-06-15 22:21:59,239 - INFO - Current IST time: 2025-06-15 14:51:59
2025-06-15 22:21:59,239 - INFO - Today is Sunday in IST. Market closed.
2025-06-15 22:22:38,628 - INFO - Current IST time: 2025-06-15 14:52:38
2025-06-15 22:22:38,628 - INFO - Today is Sunday in IST. Market closed.
2025-06-15 22:22:59,295 - INFO - Current IST time: 2025-06-15 14:52:59
2025-06-15 22:22:59,295 - INFO - Today is Sunday in IST. Market closed.
2025-06-15 22:23:38,672 - INFO - Current IST time: 2025-06-15 14:53:38
2025-06-15 22:23:38,672 - INFO - Today is Sunday in IST. Market closed.
2025-06-15 22:23:59,338 - INFO - Current IST time: 2025-06-15 14:53:59
2025-06-15 22:23:59,338 - INFO - Today is Sunday in IST. Market closed.
2025-06-15 22:24:38,715 - INFO - Current IST time: 2025-06-15 14:54:38
2025-06-15 22:24:38,715 - INFO - Today is Sunday in IST. Market closed.
2025-06-15 22:24:59,382 - INFO - Current IST time: 2025-06-15 14:54:59
2025-06-15 22:24:59,382 - INFO - Today is Sunday in IST. Market closed.
2025-06-15 22:25:38,753 - INFO - Current IST time: 2025-06-15 14:55:38
2025-06-15 22:25:38,753 - INFO - Today is Sunday in IST. Market closed.
2025-06-15 22:25:59,423 - INFO - Current IST time: 2025-06-15 14:55:59
2025-06-15 22:25:59,423 - INFO - Today is Sunday in IST. Market closed.
2025-06-15 22:26:38,807 - INFO - Current IST time: 2025-06-15 14:56:38
2025-06-15 22:26:38,807 - INFO - Today is Sunday in IST. Market closed.
2025-06-15 22:26:59,462 - INFO - Current IST time: 2025-06-15 14:56:59
2025-06-15 22:26:59,462 - INFO - Today is Sunday in IST. Market closed.
2025-06-15 22:27:38,845 - INFO - Current IST time: 2025-06-15 14:57:38
2025-06-15 22:27:38,845 - INFO - Today is Sunday in IST. Market closed.
2025-06-15 22:27:59,497 - INFO - Current IST time: 2025-06-15 14:57:59
2025-06-15 22:27:59,497 - INFO - Today is Sunday in IST. Market closed.
2025-06-15 22:28:38,877 - INFO - Current IST time: 2025-06-15 14:58:38
2025-06-15 22:28:38,877 - INFO - Today is Sunday in IST. Market closed.
2025-06-15 22:28:59,529 - INFO - Current IST time: 2025-06-15 14:58:59
2025-06-15 22:28:59,529 - INFO - Today is Sunday in IST. Market closed.
2025-06-15 22:29:59,565 - INFO - Current IST time: 2025-06-15 14:59:59
2025-06-15 22:29:59,565 - INFO - Today is Sunday in IST. Market closed.
2025-06-15 22:30:59,611 - INFO - Current IST time: 2025-06-15 15:00:59
2025-06-15 22:30:59,611 - INFO - Today is Sunday in IST. Market closed.
2025-06-15 22:31:59,643 - INFO - Current IST time: 2025-06-15 15:01:59
2025-06-15 22:31:59,643 - INFO - Today is Sunday in IST. Market closed.
2025-06-15 22:32:59,679 - INFO - Current IST time: 2025-06-15 15:02:59
2025-06-15 22:32:59,679 - INFO - Today is Sunday in IST. Market closed.
2025-06-15 22:33:59,711 - INFO - Current IST time: 2025-06-15 15:03:59
2025-06-15 22:33:59,711 - INFO - Today is Sunday in IST. Market closed.
2025-06-15 22:34:59,743 - INFO - Current IST time: 2025-06-15 15:04:59
2025-06-15 22:34:59,743 - INFO - Today is Sunday in IST. Market closed.
2025-06-15 22:35:59,776 - INFO - Current IST time: 2025-06-15 15:05:59
2025-06-15 22:35:59,776 - INFO - Today is Sunday in IST. Market closed.
2025-06-15 22:36:59,808 - INFO - Current IST time: 2025-06-15 15:06:59
2025-06-15 22:36:59,808 - INFO - Today is Sunday in IST. Market closed.
2025-06-15 22:37:59,842 - INFO - Current IST time: 2025-06-15 15:07:59
2025-06-15 22:37:59,842 - INFO - Today is Sunday in IST. Market closed.
2025-06-15 22:38:59,876 - INFO - Current IST time: 2025-06-15 15:08:59
2025-06-15 22:38:59,876 - INFO - Today is Sunday in IST. Market closed.
2025-06-15 22:39:59,909 - INFO - Current IST time: 2025-06-15 15:09:59
2025-06-15 22:39:59,909 - INFO - Today is Sunday in IST. Market closed.
2025-06-15 22:40:59,943 - INFO - Current IST time: 2025-06-15 15:10:59
2025-06-15 22:40:59,943 - INFO - Today is Sunday in IST. Market closed.
2025-06-15 22:41:45,443 - INFO - Strategy execution stopped by user.
